2019-01-25 10:48:29,416  INFO [           main] [at.ac.acdh.transformer.Normalizer#filterNonExistingPatterns:278] - removing xpath "cmdp:fileDesc/cmdp:titleStmt/cmdp:title/text()" since it has no match in the profile
2019-01-25 10:48:29,428  INFO [           main] [at.ac.acdh.transformer.Normalizer#filterNonExistingPatterns:278] - removing xpath "/cmd:CMD/cmd:Components/cmdp:OLAC-DcmiTerms/cmdp:type" since it has no match in the profile
2019-01-25 10:48:29,429  INFO [           main] [at.ac.acdh.transformer.Normalizer#filterNonExistingPatterns:278] - removing xpath "/cmd:CMD/cmd:Components/cmdp:mods/cmdp:genre/text()" since it has no match in the profile
2019-01-25 10:48:29,429  INFO [           main] [at.ac.acdh.transformer.Normalizer#filterNonExistingPatterns:278] - removing xpath "/cmd:CMD/cmd:Components/cmdp:media-corpus-profile/cmdp:Corpus/cmdp:Topic/text()" since it has no match in the profile
2019-01-25 10:48:29,430  INFO [           main] [at.ac.acdh.transformer.Normalizer#filterNonExistingPatterns:278] - removing xpath "/cmd:CMD/cmd:Components/cmdp:IDSAGD_Corpus/cmdp:Keyword/text()" since it has no match in the profile
2019-01-25 10:48:29,430  INFO [           main] [at.ac.acdh.transformer.Normalizer#filterNonExistingPatterns:278] - removing xpath "/cmd:CMD/cmd:Components/cmdp:mods/cmdp:classification/text()" since it has no match in the profile
2019-01-25 10:48:29,430  INFO [           main] [at.ac.acdh.transformer.Normalizer#filterNonExistingPatterns:278] - removing xpath "/cmd:CMD/cmd:Components/cmdp:media-session-profile/cmdp:media-session/cmdp:Corpus/text()" since it has no match in the profile
2019-01-25 10:48:29,431  INFO [           main] [at.ac.acdh.transformer.Normalizer#filterNonExistingPatterns:278] - removing xpath "/cmd:CMD/cmd:Components/cmdp:media-corpus-profile/cmdp:Collection/cmdp:Project/cmdp:Title/text()" since it has no match in the profile
2019-01-25 10:48:29,431  INFO [           main] [at.ac.acdh.transformer.Normalizer#filterNonExistingPatterns:278] - removing xpath "/cmd:CMD/cmd:Components/cmdp:OLAC-DcmiTerms/cmdp:subject" since it has no match in the profile
2019-01-25 10:48:29,432  INFO [           main] [at.ac.acdh.transformer.Normalizer#filterNonExistingPatterns:278] - removing xpath "/cmd:CMD/cmd:Components/cmdp:OLAC-DcmiTerms/cmdp:subject[@dcterms-type="LCSH"]/text()" since it has no match in the profile
2019-01-25 10:48:29,432  INFO [           main] [at.ac.acdh.transformer.Normalizer#filterNonExistingPatterns:278] - removing xpath "/cmd:CMD/cmd:Components/cmdp:mods/cmdp:subject/cmdp:Topic/text()" since it has no match in the profile
2019-01-25 10:48:29,432  INFO [           main] [at.ac.acdh.transformer.Normalizer#filterNonExistingPatterns:278] - removing xpath "/cmd:CMD/cmd:Components/cmdp:media-session-profile/cmdp:media-session/cmdp:Content/cmdp:Topic/text()" since it has no match in the profile
2019-01-25 10:48:29,432  INFO [           main] [at.ac.acdh.transformer.Normalizer#filterNonExistingPatterns:278] - removing xpath "/cmd:CMD/cmd:Components/cmdp:media-session-profile/cmdp:media-session/cmdp:Content/cmdp:Task/text()" since it has no match in the profile
2019-01-25 10:48:29,432  INFO [           main] [at.ac.acdh.transformer.Normalizer#filterNonExistingPatterns:278] - removing xpath "/cmd:CMD/cmd:Components/cmdp:media-corpus-profile/cmdp:Corpus/cmdp:Topic/text()" since it has no match in the profile
2019-01-25 10:48:29,432  INFO [           main] [at.ac.acdh.transformer.Normalizer#filterNonExistingPatterns:278] - removing xpath "/cmd:CMD/cmd:Components/cmdp:IDSAGD_Event/cmdp:IDSAGD_SpeechEvent/cmdp:Topic/text()" since it has no match in the profile
2019-01-25 10:48:29,433  INFO [           main] [at.ac.acdh.transformer.Normalizer#filterNonExistingPatterns:278] - removing xpath "/cmd:CMD/cmd:Components/cmdp:IDSAGD_Corpus/cmdp:Corpus/cmdp:Modality/cmdp:Modality/text()" since it has no match in the profile
2019-01-25 10:48:29,434  INFO [           main] [at.ac.acdh.transformer.Normalizer#filterNonExistingPatterns:278] - removing xpath "/cmd:CMD/cmd:Components/cmdp:LrtInventoryResource/cmdp:LrtCommon/cmdp:ResourceType/text()" since it has no match in the profile
2019-01-25 10:48:29,435  INFO [           main] [at.ac.acdh.transformer.Normalizer#filterNonExistingPatterns:278] - removing xpath "/cmd:CMD/cmd:Components/cmdp:OLAC-DcmiTerms/cmdp:type/text()" since it has no match in the profile
2019-01-25 10:48:29,435  INFO [           main] [at.ac.acdh.transformer.Normalizer#filterNonExistingPatterns:278] - removing xpath "/cmd:CMD/cmd:Components/cmdp:mods/cmdp:typeOfResource/text()" since it has no match in the profile
2019-01-25 10:48:29,435  INFO [           main] [at.ac.acdh.transformer.Normalizer#filterNonExistingPatterns:278] - removing xpath "cmdp:fileDesc/cmdp:titleStmt/cmdp:respStmt/cmdp:resp" since it has no match in the profile
2019-01-25 10:48:29,435  INFO [           main] [at.ac.acdh.transformer.Normalizer#filterNonExistingPatterns:278] - removing xpath "cmdp:fileDesc/cmdp:publicationStmt" since it has no match in the profile
2019-01-25 10:48:29,435  INFO [           main] [at.ac.acdh.transformer.Normalizer#filterNonExistingPatterns:278] - removing xpath "cmdp:profileDesc/cmdp:langUsage/cmdp:language" since it has no match in the profile
2019-01-25 10:48:29,437  INFO [           main] [at.ac.acdh.transformer.Normalizer#filterNonExistingPatterns:278] - removing xpath "cmdp:persName/cmdp:surname" since it has no match in the profile
2019-01-25 10:48:29,437  INFO [           main] [at.ac.acdh.transformer.Normalizer#filterNonExistingPatterns:278] - removing xpath "cmdp:persName/cmdp:forename" since it has no match in the profile
2019-01-25 10:48:29,438  INFO [           main] [at.ac.acdh.transformer.Normalizer#filterNonExistingPatterns:278] - removing xpath "cmdp:persName/cmdp:surname" since it has no match in the profile
2019-01-25 10:48:29,438  INFO [           main] [at.ac.acdh.transformer.Normalizer#filterNonExistingPatterns:278] - removing xpath "cmdp:persName/cmdp:forename" since it has no match in the profile
2019-01-25 10:48:29,438  INFO [           main] [at.ac.acdh.transformer.Normalizer#filterNonExistingPatterns:278] - removing xpath "cmdp:persName/cmdp:idno/cmdp:idno" since it has no match in the profile
2019-01-25 10:48:29,438  INFO [           main] [at.ac.acdh.transformer.Normalizer#filterNonExistingPatterns:278] - removing xpath "cmdp:persName/cmdp:forename" since it has no match in the profile
2019-01-25 10:48:29,439  INFO [           main] [at.ac.acdh.transformer.Normalizer#filterNonExistingPatterns:278] - removing xpath "cmdp:persName/cmdp:surname" since it has no match in the profile
2019-01-25 10:48:29,439  INFO [           main] [at.ac.acdh.transformer.Normalizer#filterNonExistingPatterns:278] - removing xpath "cmdp:persName/cmdp:idno/cmdp:idno" since it has no match in the profile
2019-01-25 10:48:29,439  INFO [           main] [at.ac.acdh.transformer.Normalizer#filterNonExistingPatterns:278] - removing xpath "cmdp:orgName/cmdp:orgName" since it has no match in the profile
2019-01-25 10:48:29,439  INFO [           main] [at.ac.acdh.transformer.Normalizer#filterNonExistingPatterns:278] - removing xpath "cmdp:note/cmdp:note" since it has no match in the profile
2019-01-25 10:48:29,440  INFO [           main] [at.ac.acdh.transformer.Normalizer#filterNonExistingPatterns:278] - removing xpath "cmdp:pubPlace" since it has no match in the profile
2019-01-25 10:48:29,440  INFO [           main] [at.ac.acdh.transformer.Normalizer#filterNonExistingPatterns:278] - removing xpath "cmdp:Date" since it has no match in the profile
2019-01-25 10:48:29,440  INFO [           main] [at.ac.acdh.transformer.Normalizer#filterNonExistingPatterns:278] - removing xpath "cmdp:publisher" since it has no match in the profile
2019-01-25 10:48:29,440  INFO [           main] [at.ac.acdh.transformer.Normalizer#filterNonExistingPatterns:278] - removing xpath "cmdp:availability/cmdp:licence" since it has no match in the profile
2019-01-25 11:04:03,949  INFO [           main] [at.ac.acdh.transformer.Normalizer#filterNonExistingPatterns:278] - removing xpath "cmdp:Collection/cmdp:GeneralInfo/cmdp:Name/text()" since it has no match in the profile
2019-01-25 11:04:03,950  INFO [           main] [at.ac.acdh.transformer.Normalizer#filterNonExistingPatterns:278] - removing xpath "cmdp:Collection/cmdp:GeneralInfo/cmdp:Owner" since it has no match in the profile
2019-01-25 11:04:03,952  INFO [           main] [at.ac.acdh.transformer.Normalizer#filterNonExistingPatterns:278] - removing xpath "cmdp:Collection/cmdp:GeneralInfo/cmdp:TimeCoverage/cmdp:minDate/text()" since it has no match in the profile
2019-01-25 11:04:03,952  INFO [           main] [at.ac.acdh.transformer.Normalizer#filterNonExistingPatterns:278] - removing xpath "cmdp:Collection/cmdp:GeneralInfo/cmdp:TimeCoverage/cmdp:maxDate/text()" since it has no match in the profile
2019-01-25 11:04:03,954  INFO [           main] [at.ac.acdh.transformer.Normalizer#filterNonExistingPatterns:278] - removing xpath "/cmd:CMD/cmd:Components/cmdp:OLAC-DcmiTerms/cmdp:type" since it has no match in the profile
2019-01-25 11:04:03,954  INFO [           main] [at.ac.acdh.transformer.Normalizer#filterNonExistingPatterns:278] - removing xpath "/cmd:CMD/cmd:Components/cmdp:mods/cmdp:genre/text()" since it has no match in the profile
2019-01-25 11:04:03,954  INFO [           main] [at.ac.acdh.transformer.Normalizer#filterNonExistingPatterns:278] - removing xpath "/cmd:CMD/cmd:Components/cmdp:media-corpus-profile/cmdp:Corpus/cmdp:Topic/text()" since it has no match in the profile
2019-01-25 11:04:03,954  INFO [           main] [at.ac.acdh.transformer.Normalizer#filterNonExistingPatterns:278] - removing xpath "/cmd:CMD/cmd:Components/cmdp:IDSAGD_Corpus/cmdp:Keyword/text()" since it has no match in the profile
2019-01-25 11:04:03,955  INFO [           main] [at.ac.acdh.transformer.Normalizer#filterNonExistingPatterns:278] - removing xpath "/cmd:CMD/cmd:Components/cmdp:mods/cmdp:classification/text()" since it has no match in the profile
2019-01-25 11:04:03,955  INFO [           main] [at.ac.acdh.transformer.Normalizer#filterNonExistingPatterns:278] - removing xpath "/cmd:CMD/cmd:Components/cmdp:media-session-profile/cmdp:media-session/cmdp:Corpus/text()" since it has no match in the profile
2019-01-25 11:04:03,955  INFO [           main] [at.ac.acdh.transformer.Normalizer#filterNonExistingPatterns:278] - removing xpath "/cmd:CMD/cmd:Components/cmdp:media-corpus-profile/cmdp:Collection/cmdp:Project/cmdp:Title/text()" since it has no match in the profile
2019-01-25 11:04:03,957  INFO [           main] [at.ac.acdh.transformer.Normalizer#filterNonExistingPatterns:278] - removing xpath "cmdp:Collection/cmdp:Access/text()" since it has no match in the profile
2019-01-25 11:04:03,958  INFO [           main] [at.ac.acdh.transformer.Normalizer#filterNonExistingPatterns:278] - removing xpath "cmdp:Collection/cmdp:Project" since it has no match in the profile
2019-01-25 11:04:03,958  INFO [           main] [at.ac.acdh.transformer.Normalizer#filterNonExistingPatterns:278] - removing xpath "cmdp:Contact" since it has no match in the profile
2019-01-25 11:04:03,959  INFO [           main] [at.ac.acdh.transformer.Normalizer#filterNonExistingPatterns:278] - removing xpath "cmdp:Title" since it has no match in the profile
2019-01-25 11:04:03,959  INFO [           main] [at.ac.acdh.transformer.Normalizer#filterNonExistingPatterns:278] - removing xpath "cmdp:Description/cmdp:Description/text()" since it has no match in the profile
2019-01-25 11:04:03,960  INFO [           main] [at.ac.acdh.transformer.Normalizer#filterNonExistingPatterns:278] - removing xpath "cmdp:Contact" since it has no match in the profile
2019-01-25 11:04:03,961  INFO [           main] [at.ac.acdh.transformer.Normalizer#filterNonExistingPatterns:278] - removing xpath "cmdp:Email" since it has no match in the profile
2019-01-25 11:04:03,961  INFO [           main] [at.ac.acdh.transformer.Normalizer#filterNonExistingPatterns:278] - removing xpath "cmdp:Website" since it has no match in the profile
2019-01-25 11:04:03,961  INFO [           main] [at.ac.acdh.transformer.Normalizer#filterNonExistingPatterns:278] - removing xpath "cmdp:Person" since it has no match in the profile
2019-01-25 11:04:03,961  INFO [           main] [at.ac.acdh.transformer.Normalizer#filterNonExistingPatterns:278] - removing xpath "cmdp:Address" since it has no match in the profile
2019-01-25 11:04:03,962  INFO [           main] [at.ac.acdh.transformer.Normalizer#filterNonExistingPatterns:278] - removing xpath "cmdp:Person" since it has no match in the profile
2019-01-25 11:04:03,962  INFO [           main] [at.ac.acdh.transformer.Normalizer#filterNonExistingPatterns:278] - removing xpath "cmdp:Telephone" since it has no match in the profile
2019-01-25 11:04:03,962  INFO [           main] [at.ac.acdh.transformer.Normalizer#filterNonExistingPatterns:278] - removing xpath "cmdp:Website" since it has no match in the profile
2019-01-25 11:04:03,963  INFO [           main] [at.ac.acdh.transformer.Normalizer#filterNonExistingPatterns:278] - removing xpath "cmdp:persName/cmdp:surname" since it has no match in the profile
2019-01-25 11:04:03,963  INFO [           main] [at.ac.acdh.transformer.Normalizer#filterNonExistingPatterns:278] - removing xpath "cmdp:persName/cmdp:forename" since it has no match in the profile
2019-01-25 11:04:03,963  INFO [           main] [at.ac.acdh.transformer.Normalizer#filterNonExistingPatterns:278] - removing xpath "cmdp:persName/cmdp:surname" since it has no match in the profile
2019-01-25 11:04:03,963  INFO [           main] [at.ac.acdh.transformer.Normalizer#filterNonExistingPatterns:278] - removing xpath "cmdp:persName/cmdp:forename" since it has no match in the profile
2019-01-25 11:04:03,963  INFO [           main] [at.ac.acdh.transformer.Normalizer#filterNonExistingPatterns:278] - removing xpath "cmdp:persName/cmdp:idno/cmdp:idno" since it has no match in the profile
2019-01-25 11:04:03,964  INFO [           main] [at.ac.acdh.transformer.Normalizer#filterNonExistingPatterns:278] - removing xpath "cmdp:persName/cmdp:forename" since it has no match in the profile
2019-01-25 11:04:03,964  INFO [           main] [at.ac.acdh.transformer.Normalizer#filterNonExistingPatterns:278] - removing xpath "cmdp:persName/cmdp:surname" since it has no match in the profile
2019-01-25 11:04:03,964  INFO [           main] [at.ac.acdh.transformer.Normalizer#filterNonExistingPatterns:278] - removing xpath "cmdp:persName/cmdp:idno/cmdp:idno" since it has no match in the profile
2019-01-25 11:04:03,964  INFO [           main] [at.ac.acdh.transformer.Normalizer#filterNonExistingPatterns:278] - removing xpath "cmdp:orgName/cmdp:orgName" since it has no match in the profile
2019-01-25 11:04:03,964  INFO [           main] [at.ac.acdh.transformer.Normalizer#filterNonExistingPatterns:278] - removing xpath "cmdp:note/cmdp:note" since it has no match in the profile
2019-01-25 11:04:03,965  INFO [           main] [at.ac.acdh.transformer.Normalizer#filterNonExistingPatterns:278] - removing xpath "cmdp:Date" since it has no match in the profile
2019-01-25 11:04:37,958  INFO [           main] [at.ac.acdh.transformer.Normalizer#filterNonExistingPatterns:278] - removing xpath "cmdp:fileDesc/cmdp:titleStmt/cmdp:title/text()" since it has no match in the profile
2019-01-25 11:04:37,972  INFO [           main] [at.ac.acdh.transformer.Normalizer#filterNonExistingPatterns:278] - removing xpath "/cmd:CMD/cmd:Components/cmdp:OLAC-DcmiTerms/cmdp:type" since it has no match in the profile
2019-01-25 11:04:37,972  INFO [           main] [at.ac.acdh.transformer.Normalizer#filterNonExistingPatterns:278] - removing xpath "/cmd:CMD/cmd:Components/cmdp:mods/cmdp:genre/text()" since it has no match in the profile
2019-01-25 11:04:37,973  INFO [           main] [at.ac.acdh.transformer.Normalizer#filterNonExistingPatterns:278] - removing xpath "/cmd:CMD/cmd:Components/cmdp:media-corpus-profile/cmdp:Corpus/cmdp:Topic/text()" since it has no match in the profile
2019-01-25 11:04:37,973  INFO [           main] [at.ac.acdh.transformer.Normalizer#filterNonExistingPatterns:278] - removing xpath "/cmd:CMD/cmd:Components/cmdp:IDSAGD_Corpus/cmdp:Keyword/text()" since it has no match in the profile
2019-01-25 11:04:37,973  INFO [           main] [at.ac.acdh.transformer.Normalizer#filterNonExistingPatterns:278] - removing xpath "/cmd:CMD/cmd:Components/cmdp:mods/cmdp:classification/text()" since it has no match in the profile
2019-01-25 11:04:37,973  INFO [           main] [at.ac.acdh.transformer.Normalizer#filterNonExistingPatterns:278] - removing xpath "/cmd:CMD/cmd:Components/cmdp:media-session-profile/cmdp:media-session/cmdp:Corpus/text()" since it has no match in the profile
2019-01-25 11:04:37,974  INFO [           main] [at.ac.acdh.transformer.Normalizer#filterNonExistingPatterns:278] - removing xpath "/cmd:CMD/cmd:Components/cmdp:media-corpus-profile/cmdp:Collection/cmdp:Project/cmdp:Title/text()" since it has no match in the profile
2019-01-25 11:04:37,974  INFO [           main] [at.ac.acdh.transformer.Normalizer#filterNonExistingPatterns:278] - removing xpath "/cmd:CMD/cmd:Components/cmdp:OLAC-DcmiTerms/cmdp:subject" since it has no match in the profile
2019-01-25 11:04:37,975  INFO [           main] [at.ac.acdh.transformer.Normalizer#filterNonExistingPatterns:278] - removing xpath "/cmd:CMD/cmd:Components/cmdp:OLAC-DcmiTerms/cmdp:subject[@dcterms-type="LCSH"]/text()" since it has no match in the profile
2019-01-25 11:04:37,975  INFO [           main] [at.ac.acdh.transformer.Normalizer#filterNonExistingPatterns:278] - removing xpath "/cmd:CMD/cmd:Components/cmdp:mods/cmdp:subject/cmdp:Topic/text()" since it has no match in the profile
2019-01-25 11:04:37,975  INFO [           main] [at.ac.acdh.transformer.Normalizer#filterNonExistingPatterns:278] - removing xpath "/cmd:CMD/cmd:Components/cmdp:media-session-profile/cmdp:media-session/cmdp:Content/cmdp:Topic/text()" since it has no match in the profile
2019-01-25 11:04:37,975  INFO [           main] [at.ac.acdh.transformer.Normalizer#filterNonExistingPatterns:278] - removing xpath "/cmd:CMD/cmd:Components/cmdp:media-session-profile/cmdp:media-session/cmdp:Content/cmdp:Task/text()" since it has no match in the profile
2019-01-25 11:04:37,975  INFO [           main] [at.ac.acdh.transformer.Normalizer#filterNonExistingPatterns:278] - removing xpath "/cmd:CMD/cmd:Components/cmdp:media-corpus-profile/cmdp:Corpus/cmdp:Topic/text()" since it has no match in the profile
2019-01-25 11:04:37,975  INFO [           main] [at.ac.acdh.transformer.Normalizer#filterNonExistingPatterns:278] - removing xpath "/cmd:CMD/cmd:Components/cmdp:IDSAGD_Event/cmdp:IDSAGD_SpeechEvent/cmdp:Topic/text()" since it has no match in the profile
2019-01-25 11:04:37,975  INFO [           main] [at.ac.acdh.transformer.Normalizer#filterNonExistingPatterns:278] - removing xpath "/cmd:CMD/cmd:Components/cmdp:IDSAGD_Corpus/cmdp:Corpus/cmdp:Modality/cmdp:Modality/text()" since it has no match in the profile
2019-01-25 11:04:37,977  INFO [           main] [at.ac.acdh.transformer.Normalizer#filterNonExistingPatterns:278] - removing xpath "/cmd:CMD/cmd:Components/cmdp:LrtInventoryResource/cmdp:LrtCommon/cmdp:ResourceType/text()" since it has no match in the profile
2019-01-25 11:04:37,978  INFO [           main] [at.ac.acdh.transformer.Normalizer#filterNonExistingPatterns:278] - removing xpath "/cmd:CMD/cmd:Components/cmdp:OLAC-DcmiTerms/cmdp:type/text()" since it has no match in the profile
2019-01-25 11:04:37,978  INFO [           main] [at.ac.acdh.transformer.Normalizer#filterNonExistingPatterns:278] - removing xpath "/cmd:CMD/cmd:Components/cmdp:mods/cmdp:typeOfResource/text()" since it has no match in the profile
2019-01-25 11:04:37,978  INFO [           main] [at.ac.acdh.transformer.Normalizer#filterNonExistingPatterns:278] - removing xpath "cmdp:fileDesc/cmdp:titleStmt/cmdp:respStmt/cmdp:resp" since it has no match in the profile
2019-01-25 11:04:37,978  INFO [           main] [at.ac.acdh.transformer.Normalizer#filterNonExistingPatterns:278] - removing xpath "cmdp:fileDesc/cmdp:publicationStmt" since it has no match in the profile
2019-01-25 11:04:37,978  INFO [           main] [at.ac.acdh.transformer.Normalizer#filterNonExistingPatterns:278] - removing xpath "cmdp:profileDesc/cmdp:langUsage/cmdp:language" since it has no match in the profile
2019-01-25 11:04:37,980  INFO [           main] [at.ac.acdh.transformer.Normalizer#filterNonExistingPatterns:278] - removing xpath "cmdp:persName/cmdp:surname" since it has no match in the profile
2019-01-25 11:04:37,981  INFO [           main] [at.ac.acdh.transformer.Normalizer#filterNonExistingPatterns:278] - removing xpath "cmdp:persName/cmdp:forename" since it has no match in the profile
2019-01-25 11:04:37,981  INFO [           main] [at.ac.acdh.transformer.Normalizer#filterNonExistingPatterns:278] - removing xpath "cmdp:persName/cmdp:surname" since it has no match in the profile
2019-01-25 11:04:37,981  INFO [           main] [at.ac.acdh.transformer.Normalizer#filterNonExistingPatterns:278] - removing xpath "cmdp:persName/cmdp:forename" since it has no match in the profile
2019-01-25 11:04:37,981  INFO [           main] [at.ac.acdh.transformer.Normalizer#filterNonExistingPatterns:278] - removing xpath "cmdp:persName/cmdp:idno/cmdp:idno" since it has no match in the profile
2019-01-25 11:04:37,981  INFO [           main] [at.ac.acdh.transformer.Normalizer#filterNonExistingPatterns:278] - removing xpath "cmdp:persName/cmdp:forename" since it has no match in the profile
2019-01-25 11:04:37,982  INFO [           main] [at.ac.acdh.transformer.Normalizer#filterNonExistingPatterns:278] - removing xpath "cmdp:persName/cmdp:surname" since it has no match in the profile
2019-01-25 11:04:37,982  INFO [           main] [at.ac.acdh.transformer.Normalizer#filterNonExistingPatterns:278] - removing xpath "cmdp:persName/cmdp:idno/cmdp:idno" since it has no match in the profile
2019-01-25 11:04:37,982  INFO [           main] [at.ac.acdh.transformer.Normalizer#filterNonExistingPatterns:278] - removing xpath "cmdp:orgName/cmdp:orgName" since it has no match in the profile
2019-01-25 11:04:37,982  INFO [           main] [at.ac.acdh.transformer.Normalizer#filterNonExistingPatterns:278] - removing xpath "cmdp:note/cmdp:note" since it has no match in the profile
2019-01-25 11:04:37,982  INFO [           main] [at.ac.acdh.transformer.Normalizer#filterNonExistingPatterns:278] - removing xpath "cmdp:pubPlace" since it has no match in the profile
2019-01-25 11:04:37,983  INFO [           main] [at.ac.acdh.transformer.Normalizer#filterNonExistingPatterns:278] - removing xpath "cmdp:Date" since it has no match in the profile
2019-01-25 11:04:37,983  INFO [           main] [at.ac.acdh.transformer.Normalizer#filterNonExistingPatterns:278] - removing xpath "cmdp:publisher" since it has no match in the profile
2019-01-25 11:04:37,984  INFO [           main] [at.ac.acdh.transformer.Normalizer#filterNonExistingPatterns:278] - removing xpath "cmdp:availability/cmdp:licence" since it has no match in the profile
2019-01-25 11:35:57,331  INFO [           main] [at.ac.acdh.transformer.Normalizer#filterNonExistingPatterns:278] - removing xpath "cmdp:fileDesc/cmdp:titleStmt/cmdp:title/text()" since it has no match in the profile
2019-01-25 11:35:57,344  INFO [           main] [at.ac.acdh.transformer.Normalizer#filterNonExistingPatterns:278] - removing xpath "/cmd:CMD/cmd:Components/cmdp:OLAC-DcmiTerms/cmdp:type" since it has no match in the profile
2019-01-25 11:35:57,344  INFO [           main] [at.ac.acdh.transformer.Normalizer#filterNonExistingPatterns:278] - removing xpath "/cmd:CMD/cmd:Components/cmdp:mods/cmdp:genre/text()" since it has no match in the profile
2019-01-25 11:35:57,345  INFO [           main] [at.ac.acdh.transformer.Normalizer#filterNonExistingPatterns:278] - removing xpath "/cmd:CMD/cmd:Components/cmdp:media-corpus-profile/cmdp:Corpus/cmdp:Topic/text()" since it has no match in the profile
2019-01-25 11:35:57,345  INFO [           main] [at.ac.acdh.transformer.Normalizer#filterNonExistingPatterns:278] - removing xpath "/cmd:CMD/cmd:Components/cmdp:IDSAGD_Corpus/cmdp:Keyword/text()" since it has no match in the profile
2019-01-25 11:35:57,345  INFO [           main] [at.ac.acdh.transformer.Normalizer#filterNonExistingPatterns:278] - removing xpath "/cmd:CMD/cmd:Components/cmdp:mods/cmdp:classification/text()" since it has no match in the profile
2019-01-25 11:35:57,345  INFO [           main] [at.ac.acdh.transformer.Normalizer#filterNonExistingPatterns:278] - removing xpath "/cmd:CMD/cmd:Components/cmdp:media-session-profile/cmdp:media-session/cmdp:Corpus/text()" since it has no match in the profile
2019-01-25 11:35:57,346  INFO [           main] [at.ac.acdh.transformer.Normalizer#filterNonExistingPatterns:278] - removing xpath "/cmd:CMD/cmd:Components/cmdp:media-corpus-profile/cmdp:Collection/cmdp:Project/cmdp:Title/text()" since it has no match in the profile
2019-01-25 11:35:57,346  INFO [           main] [at.ac.acdh.transformer.Normalizer#filterNonExistingPatterns:278] - removing xpath "/cmd:CMD/cmd:Components/cmdp:OLAC-DcmiTerms/cmdp:subject" since it has no match in the profile
2019-01-25 11:35:57,347  INFO [           main] [at.ac.acdh.transformer.Normalizer#filterNonExistingPatterns:278] - removing xpath "/cmd:CMD/cmd:Components/cmdp:OLAC-DcmiTerms/cmdp:subject[@dcterms-type="LCSH"]/text()" since it has no match in the profile
2019-01-25 11:35:57,347  INFO [           main] [at.ac.acdh.transformer.Normalizer#filterNonExistingPatterns:278] - removing xpath "/cmd:CMD/cmd:Components/cmdp:mods/cmdp:subject/cmdp:Topic/text()" since it has no match in the profile
2019-01-25 11:35:57,347  INFO [           main] [at.ac.acdh.transformer.Normalizer#filterNonExistingPatterns:278] - removing xpath "/cmd:CMD/cmd:Components/cmdp:media-session-profile/cmdp:media-session/cmdp:Content/cmdp:Topic/text()" since it has no match in the profile
2019-01-25 11:35:57,347  INFO [           main] [at.ac.acdh.transformer.Normalizer#filterNonExistingPatterns:278] - removing xpath "/cmd:CMD/cmd:Components/cmdp:media-session-profile/cmdp:media-session/cmdp:Content/cmdp:Task/text()" since it has no match in the profile
2019-01-25 11:35:57,347  INFO [           main] [at.ac.acdh.transformer.Normalizer#filterNonExistingPatterns:278] - removing xpath "/cmd:CMD/cmd:Components/cmdp:media-corpus-profile/cmdp:Corpus/cmdp:Topic/text()" since it has no match in the profile
2019-01-25 11:35:57,348  INFO [           main] [at.ac.acdh.transformer.Normalizer#filterNonExistingPatterns:278] - removing xpath "/cmd:CMD/cmd:Components/cmdp:IDSAGD_Event/cmdp:IDSAGD_SpeechEvent/cmdp:Topic/text()" since it has no match in the profile
2019-01-25 11:35:57,348  INFO [           main] [at.ac.acdh.transformer.Normalizer#filterNonExistingPatterns:278] - removing xpath "/cmd:CMD/cmd:Components/cmdp:IDSAGD_Corpus/cmdp:Corpus/cmdp:Modality/cmdp:Modality/text()" since it has no match in the profile
2019-01-25 11:35:57,350  INFO [           main] [at.ac.acdh.transformer.Normalizer#filterNonExistingPatterns:278] - removing xpath "/cmd:CMD/cmd:Components/cmdp:LrtInventoryResource/cmdp:LrtCommon/cmdp:ResourceType/text()" since it has no match in the profile
2019-01-25 11:35:57,350  INFO [           main] [at.ac.acdh.transformer.Normalizer#filterNonExistingPatterns:278] - removing xpath "/cmd:CMD/cmd:Components/cmdp:OLAC-DcmiTerms/cmdp:type/text()" since it has no match in the profile
2019-01-25 11:35:57,350  INFO [           main] [at.ac.acdh.transformer.Normalizer#filterNonExistingPatterns:278] - removing xpath "/cmd:CMD/cmd:Components/cmdp:mods/cmdp:typeOfResource/text()" since it has no match in the profile
2019-01-25 11:35:57,351  INFO [           main] [at.ac.acdh.transformer.Normalizer#filterNonExistingPatterns:278] - removing xpath "cmdp:fileDesc/cmdp:titleStmt/cmdp:respStmt/cmdp:resp" since it has no match in the profile
2019-01-25 11:35:57,351  INFO [           main] [at.ac.acdh.transformer.Normalizer#filterNonExistingPatterns:278] - removing xpath "cmdp:fileDesc/cmdp:publicationStmt" since it has no match in the profile
2019-01-25 11:35:57,351  INFO [           main] [at.ac.acdh.transformer.Normalizer#filterNonExistingPatterns:278] - removing xpath "cmdp:profileDesc/cmdp:langUsage/cmdp:language" since it has no match in the profile
2019-01-25 11:35:57,353  INFO [           main] [at.ac.acdh.transformer.Normalizer#filterNonExistingPatterns:278] - removing xpath "cmdp:persName/cmdp:surname" since it has no match in the profile
2019-01-25 11:35:57,354  INFO [           main] [at.ac.acdh.transformer.Normalizer#filterNonExistingPatterns:278] - removing xpath "cmdp:persName/cmdp:forename" since it has no match in the profile
2019-01-25 11:35:57,354  INFO [           main] [at.ac.acdh.transformer.Normalizer#filterNonExistingPatterns:278] - removing xpath "cmdp:persName/cmdp:surname" since it has no match in the profile
2019-01-25 11:35:57,354  INFO [           main] [at.ac.acdh.transformer.Normalizer#filterNonExistingPatterns:278] - removing xpath "cmdp:persName/cmdp:forename" since it has no match in the profile
2019-01-25 11:35:57,354  INFO [           main] [at.ac.acdh.transformer.Normalizer#filterNonExistingPatterns:278] - removing xpath "cmdp:persName/cmdp:idno/cmdp:idno" since it has no match in the profile
2019-01-25 11:35:57,354  INFO [           main] [at.ac.acdh.transformer.Normalizer#filterNonExistingPatterns:278] - removing xpath "cmdp:persName/cmdp:forename" since it has no match in the profile
2019-01-25 11:35:57,355  INFO [           main] [at.ac.acdh.transformer.Normalizer#filterNonExistingPatterns:278] - removing xpath "cmdp:persName/cmdp:surname" since it has no match in the profile
2019-01-25 11:35:57,355  INFO [           main] [at.ac.acdh.transformer.Normalizer#filterNonExistingPatterns:278] - removing xpath "cmdp:persName/cmdp:idno/cmdp:idno" since it has no match in the profile
2019-01-25 11:35:57,355  INFO [           main] [at.ac.acdh.transformer.Normalizer#filterNonExistingPatterns:278] - removing xpath "cmdp:orgName/cmdp:orgName" since it has no match in the profile
2019-01-25 11:35:57,355  INFO [           main] [at.ac.acdh.transformer.Normalizer#filterNonExistingPatterns:278] - removing xpath "cmdp:note/cmdp:note" since it has no match in the profile
2019-01-25 11:35:57,356  INFO [           main] [at.ac.acdh.transformer.Normalizer#filterNonExistingPatterns:278] - removing xpath "cmdp:pubPlace" since it has no match in the profile
2019-01-25 11:35:57,356  INFO [           main] [at.ac.acdh.transformer.Normalizer#filterNonExistingPatterns:278] - removing xpath "cmdp:Date" since it has no match in the profile
2019-01-25 11:35:57,356  INFO [           main] [at.ac.acdh.transformer.Normalizer#filterNonExistingPatterns:278] - removing xpath "cmdp:publisher" since it has no match in the profile
2019-01-25 11:35:57,356  INFO [           main] [at.ac.acdh.transformer.Normalizer#filterNonExistingPatterns:278] - removing xpath "cmdp:availability/cmdp:licence" since it has no match in the profile
2019-01-25 11:39:42,217  INFO [           main] [at.ac.acdh.transformer.Normalizer#filterNonExistingPatterns:278] - removing xpath "cmdp:fileDesc/cmdp:titleStmt/cmdp:title/text()" since it has no match in the profile
2019-01-25 11:39:42,228  INFO [           main] [at.ac.acdh.transformer.Normalizer#filterNonExistingPatterns:278] - removing xpath "/cmd:CMD/cmd:Components/cmdp:OLAC-DcmiTerms/cmdp:type" since it has no match in the profile
2019-01-25 11:39:42,228  INFO [           main] [at.ac.acdh.transformer.Normalizer#filterNonExistingPatterns:278] - removing xpath "/cmd:CMD/cmd:Components/cmdp:mods/cmdp:genre/text()" since it has no match in the profile
2019-01-25 11:39:42,229  INFO [           main] [at.ac.acdh.transformer.Normalizer#filterNonExistingPatterns:278] - removing xpath "/cmd:CMD/cmd:Components/cmdp:media-corpus-profile/cmdp:Corpus/cmdp:Topic/text()" since it has no match in the profile
2019-01-25 11:39:42,229  INFO [           main] [at.ac.acdh.transformer.Normalizer#filterNonExistingPatterns:278] - removing xpath "/cmd:CMD/cmd:Components/cmdp:IDSAGD_Corpus/cmdp:Keyword/text()" since it has no match in the profile
2019-01-25 11:39:42,230  INFO [           main] [at.ac.acdh.transformer.Normalizer#filterNonExistingPatterns:278] - removing xpath "/cmd:CMD/cmd:Components/cmdp:mods/cmdp:classification/text()" since it has no match in the profile
2019-01-25 11:39:42,230  INFO [           main] [at.ac.acdh.transformer.Normalizer#filterNonExistingPatterns:278] - removing xpath "/cmd:CMD/cmd:Components/cmdp:media-session-profile/cmdp:media-session/cmdp:Corpus/text()" since it has no match in the profile
2019-01-25 11:39:42,230  INFO [           main] [at.ac.acdh.transformer.Normalizer#filterNonExistingPatterns:278] - removing xpath "/cmd:CMD/cmd:Components/cmdp:media-corpus-profile/cmdp:Collection/cmdp:Project/cmdp:Title/text()" since it has no match in the profile
2019-01-25 11:39:42,231  INFO [           main] [at.ac.acdh.transformer.Normalizer#filterNonExistingPatterns:278] - removing xpath "/cmd:CMD/cmd:Components/cmdp:OLAC-DcmiTerms/cmdp:subject" since it has no match in the profile
2019-01-25 11:39:42,231  INFO [           main] [at.ac.acdh.transformer.Normalizer#filterNonExistingPatterns:278] - removing xpath "/cmd:CMD/cmd:Components/cmdp:OLAC-DcmiTerms/cmdp:subject[@dcterms-type="LCSH"]/text()" since it has no match in the profile
2019-01-25 11:39:42,231  INFO [           main] [at.ac.acdh.transformer.Normalizer#filterNonExistingPatterns:278] - removing xpath "/cmd:CMD/cmd:Components/cmdp:mods/cmdp:subject/cmdp:Topic/text()" since it has no match in the profile
2019-01-25 11:39:42,231  INFO [           main] [at.ac.acdh.transformer.Normalizer#filterNonExistingPatterns:278] - removing xpath "/cmd:CMD/cmd:Components/cmdp:media-session-profile/cmdp:media-session/cmdp:Content/cmdp:Topic/text()" since it has no match in the profile
2019-01-25 11:39:42,231  INFO [           main] [at.ac.acdh.transformer.Normalizer#filterNonExistingPatterns:278] - removing xpath "/cmd:CMD/cmd:Components/cmdp:media-session-profile/cmdp:media-session/cmdp:Content/cmdp:Task/text()" since it has no match in the profile
2019-01-25 11:39:42,231  INFO [           main] [at.ac.acdh.transformer.Normalizer#filterNonExistingPatterns:278] - removing xpath "/cmd:CMD/cmd:Components/cmdp:media-corpus-profile/cmdp:Corpus/cmdp:Topic/text()" since it has no match in the profile
2019-01-25 11:39:42,232  INFO [           main] [at.ac.acdh.transformer.Normalizer#filterNonExistingPatterns:278] - removing xpath "/cmd:CMD/cmd:Components/cmdp:IDSAGD_Event/cmdp:IDSAGD_SpeechEvent/cmdp:Topic/text()" since it has no match in the profile
2019-01-25 11:39:42,232  INFO [           main] [at.ac.acdh.transformer.Normalizer#filterNonExistingPatterns:278] - removing xpath "/cmd:CMD/cmd:Components/cmdp:IDSAGD_Corpus/cmdp:Corpus/cmdp:Modality/cmdp:Modality/text()" since it has no match in the profile
2019-01-25 11:39:42,233  INFO [           main] [at.ac.acdh.transformer.Normalizer#filterNonExistingPatterns:278] - removing xpath "/cmd:CMD/cmd:Components/cmdp:LrtInventoryResource/cmdp:LrtCommon/cmdp:ResourceType/text()" since it has no match in the profile
2019-01-25 11:39:42,234  INFO [           main] [at.ac.acdh.transformer.Normalizer#filterNonExistingPatterns:278] - removing xpath "/cmd:CMD/cmd:Components/cmdp:OLAC-DcmiTerms/cmdp:type/text()" since it has no match in the profile
2019-01-25 11:39:42,234  INFO [           main] [at.ac.acdh.transformer.Normalizer#filterNonExistingPatterns:278] - removing xpath "/cmd:CMD/cmd:Components/cmdp:mods/cmdp:typeOfResource/text()" since it has no match in the profile
2019-01-25 11:39:42,234  INFO [           main] [at.ac.acdh.transformer.Normalizer#filterNonExistingPatterns:278] - removing xpath "cmdp:fileDesc/cmdp:titleStmt/cmdp:respStmt/cmdp:resp" since it has no match in the profile
2019-01-25 11:39:42,234  INFO [           main] [at.ac.acdh.transformer.Normalizer#filterNonExistingPatterns:278] - removing xpath "cmdp:fileDesc/cmdp:publicationStmt" since it has no match in the profile
2019-01-25 11:39:42,234  INFO [           main] [at.ac.acdh.transformer.Normalizer#filterNonExistingPatterns:278] - removing xpath "cmdp:profileDesc/cmdp:langUsage/cmdp:language" since it has no match in the profile
2019-01-25 11:39:42,236  INFO [           main] [at.ac.acdh.transformer.Normalizer#filterNonExistingPatterns:278] - removing xpath "cmdp:persName/cmdp:surname" since it has no match in the profile
2019-01-25 11:39:42,236  INFO [           main] [at.ac.acdh.transformer.Normalizer#filterNonExistingPatterns:278] - removing xpath "cmdp:persName/cmdp:forename" since it has no match in the profile
2019-01-25 11:39:42,237  INFO [           main] [at.ac.acdh.transformer.Normalizer#filterNonExistingPatterns:278] - removing xpath "cmdp:persName/cmdp:surname" since it has no match in the profile
2019-01-25 11:39:42,237  INFO [           main] [at.ac.acdh.transformer.Normalizer#filterNonExistingPatterns:278] - removing xpath "cmdp:persName/cmdp:forename" since it has no match in the profile
2019-01-25 11:39:42,237  INFO [           main] [at.ac.acdh.transformer.Normalizer#filterNonExistingPatterns:278] - removing xpath "cmdp:persName/cmdp:idno/cmdp:idno" since it has no match in the profile
2019-01-25 11:39:42,237  INFO [           main] [at.ac.acdh.transformer.Normalizer#filterNonExistingPatterns:278] - removing xpath "cmdp:persName/cmdp:forename" since it has no match in the profile
2019-01-25 11:39:42,238  INFO [           main] [at.ac.acdh.transformer.Normalizer#filterNonExistingPatterns:278] - removing xpath "cmdp:persName/cmdp:surname" since it has no match in the profile
2019-01-25 11:39:42,238  INFO [           main] [at.ac.acdh.transformer.Normalizer#filterNonExistingPatterns:278] - removing xpath "cmdp:persName/cmdp:idno/cmdp:idno" since it has no match in the profile
2019-01-25 11:39:42,238  INFO [           main] [at.ac.acdh.transformer.Normalizer#filterNonExistingPatterns:278] - removing xpath "cmdp:orgName/cmdp:orgName" since it has no match in the profile
2019-01-25 11:39:42,238  INFO [           main] [at.ac.acdh.transformer.Normalizer#filterNonExistingPatterns:278] - removing xpath "cmdp:note/cmdp:note" since it has no match in the profile
2019-01-25 11:39:42,238  INFO [           main] [at.ac.acdh.transformer.Normalizer#filterNonExistingPatterns:278] - removing xpath "cmdp:pubPlace" since it has no match in the profile
2019-01-25 11:39:42,239  INFO [           main] [at.ac.acdh.transformer.Normalizer#filterNonExistingPatterns:278] - removing xpath "cmdp:Date" since it has no match in the profile
2019-01-25 11:39:42,239  INFO [           main] [at.ac.acdh.transformer.Normalizer#filterNonExistingPatterns:278] - removing xpath "cmdp:publisher" since it has no match in the profile
2019-01-25 11:39:42,239  INFO [           main] [at.ac.acdh.transformer.Normalizer#filterNonExistingPatterns:278] - removing xpath "cmdp:availability/cmdp:licence" since it has no match in the profile
2019-01-25 12:31:57,929  INFO [           main] [at.ac.acdh.transformer.Normalizer#filterNonExistingPatterns:278] - removing xpath "cmdp:fileDesc/cmdp:titleStmt/cmdp:title/text()" since it has no match in the profile
2019-01-25 12:31:57,939  INFO [           main] [at.ac.acdh.transformer.Normalizer#filterNonExistingPatterns:278] - removing xpath "/cmd:CMD/cmd:Components/cmdp:OLAC-DcmiTerms/cmdp:type" since it has no match in the profile
2019-01-25 12:31:57,939  INFO [           main] [at.ac.acdh.transformer.Normalizer#filterNonExistingPatterns:278] - removing xpath "/cmd:CMD/cmd:Components/cmdp:mods/cmdp:genre/text()" since it has no match in the profile
2019-01-25 12:31:57,939  INFO [           main] [at.ac.acdh.transformer.Normalizer#filterNonExistingPatterns:278] - removing xpath "/cmd:CMD/cmd:Components/cmdp:media-corpus-profile/cmdp:Corpus/cmdp:Topic/text()" since it has no match in the profile
2019-01-25 12:31:57,939  INFO [           main] [at.ac.acdh.transformer.Normalizer#filterNonExistingPatterns:278] - removing xpath "/cmd:CMD/cmd:Components/cmdp:IDSAGD_Corpus/cmdp:Keyword/text()" since it has no match in the profile
2019-01-25 12:31:57,940  INFO [           main] [at.ac.acdh.transformer.Normalizer#filterNonExistingPatterns:278] - removing xpath "/cmd:CMD/cmd:Components/cmdp:mods/cmdp:classification/text()" since it has no match in the profile
2019-01-25 12:31:57,940  INFO [           main] [at.ac.acdh.transformer.Normalizer#filterNonExistingPatterns:278] - removing xpath "/cmd:CMD/cmd:Components/cmdp:media-session-profile/cmdp:media-session/cmdp:Corpus/text()" since it has no match in the profile
2019-01-25 12:31:57,940  INFO [           main] [at.ac.acdh.transformer.Normalizer#filterNonExistingPatterns:278] - removing xpath "/cmd:CMD/cmd:Components/cmdp:media-corpus-profile/cmdp:Collection/cmdp:Project/cmdp:Title/text()" since it has no match in the profile
2019-01-25 12:31:57,941  INFO [           main] [at.ac.acdh.transformer.Normalizer#filterNonExistingPatterns:278] - removing xpath "/cmd:CMD/cmd:Components/cmdp:OLAC-DcmiTerms/cmdp:subject" since it has no match in the profile
2019-01-25 12:31:57,941  INFO [           main] [at.ac.acdh.transformer.Normalizer#filterNonExistingPatterns:278] - removing xpath "/cmd:CMD/cmd:Components/cmdp:OLAC-DcmiTerms/cmdp:subject[@dcterms-type="LCSH"]/text()" since it has no match in the profile
2019-01-25 12:31:57,941  INFO [           main] [at.ac.acdh.transformer.Normalizer#filterNonExistingPatterns:278] - removing xpath "/cmd:CMD/cmd:Components/cmdp:mods/cmdp:subject/cmdp:Topic/text()" since it has no match in the profile
2019-01-25 12:31:57,942  INFO [           main] [at.ac.acdh.transformer.Normalizer#filterNonExistingPatterns:278] - removing xpath "/cmd:CMD/cmd:Components/cmdp:media-session-profile/cmdp:media-session/cmdp:Content/cmdp:Topic/text()" since it has no match in the profile
2019-01-25 12:31:57,942  INFO [           main] [at.ac.acdh.transformer.Normalizer#filterNonExistingPatterns:278] - removing xpath "/cmd:CMD/cmd:Components/cmdp:media-session-profile/cmdp:media-session/cmdp:Content/cmdp:Task/text()" since it has no match in the profile
2019-01-25 12:31:57,942  INFO [           main] [at.ac.acdh.transformer.Normalizer#filterNonExistingPatterns:278] - removing xpath "/cmd:CMD/cmd:Components/cmdp:media-corpus-profile/cmdp:Corpus/cmdp:Topic/text()" since it has no match in the profile
2019-01-25 12:31:57,943  INFO [           main] [at.ac.acdh.transformer.Normalizer#filterNonExistingPatterns:278] - removing xpath "/cmd:CMD/cmd:Components/cmdp:IDSAGD_Event/cmdp:IDSAGD_SpeechEvent/cmdp:Topic/text()" since it has no match in the profile
2019-01-25 12:31:57,943  INFO [           main] [at.ac.acdh.transformer.Normalizer#filterNonExistingPatterns:278] - removing xpath "/cmd:CMD/cmd:Components/cmdp:IDSAGD_Corpus/cmdp:Corpus/cmdp:Modality/cmdp:Modality/text()" since it has no match in the profile
2019-01-25 12:31:57,945  INFO [           main] [at.ac.acdh.transformer.Normalizer#filterNonExistingPatterns:278] - removing xpath "/cmd:CMD/cmd:Components/cmdp:LrtInventoryResource/cmdp:LrtCommon/cmdp:ResourceType/text()" since it has no match in the profile
2019-01-25 12:31:57,945  INFO [           main] [at.ac.acdh.transformer.Normalizer#filterNonExistingPatterns:278] - removing xpath "/cmd:CMD/cmd:Components/cmdp:OLAC-DcmiTerms/cmdp:type/text()" since it has no match in the profile
2019-01-25 12:31:57,945  INFO [           main] [at.ac.acdh.transformer.Normalizer#filterNonExistingPatterns:278] - removing xpath "/cmd:CMD/cmd:Components/cmdp:mods/cmdp:typeOfResource/text()" since it has no match in the profile
2019-01-25 12:31:57,945  INFO [           main] [at.ac.acdh.transformer.Normalizer#filterNonExistingPatterns:278] - removing xpath "cmdp:fileDesc/cmdp:titleStmt/cmdp:respStmt/cmdp:resp" since it has no match in the profile
2019-01-25 12:31:57,946  INFO [           main] [at.ac.acdh.transformer.Normalizer#filterNonExistingPatterns:278] - removing xpath "cmdp:fileDesc/cmdp:publicationStmt" since it has no match in the profile
2019-01-25 12:31:57,948  INFO [           main] [at.ac.acdh.transformer.Normalizer#filterNonExistingPatterns:278] - removing xpath "cmdp:persName/cmdp:surname" since it has no match in the profile
2019-01-25 12:31:57,948  INFO [           main] [at.ac.acdh.transformer.Normalizer#filterNonExistingPatterns:278] - removing xpath "cmdp:persName/cmdp:forename" since it has no match in the profile
2019-01-25 12:31:57,949  INFO [           main] [at.ac.acdh.transformer.Normalizer#filterNonExistingPatterns:278] - removing xpath "cmdp:persName/cmdp:surname" since it has no match in the profile
2019-01-25 12:31:57,949  INFO [           main] [at.ac.acdh.transformer.Normalizer#filterNonExistingPatterns:278] - removing xpath "cmdp:persName/cmdp:forename" since it has no match in the profile
2019-01-25 12:31:57,949  INFO [           main] [at.ac.acdh.transformer.Normalizer#filterNonExistingPatterns:278] - removing xpath "cmdp:persName/cmdp:idno/cmdp:idno" since it has no match in the profile
2019-01-25 12:31:57,949  INFO [           main] [at.ac.acdh.transformer.Normalizer#filterNonExistingPatterns:278] - removing xpath "cmdp:persName/cmdp:forename" since it has no match in the profile
2019-01-25 12:31:57,950  INFO [           main] [at.ac.acdh.transformer.Normalizer#filterNonExistingPatterns:278] - removing xpath "cmdp:persName/cmdp:surname" since it has no match in the profile
2019-01-25 12:31:57,950  INFO [           main] [at.ac.acdh.transformer.Normalizer#filterNonExistingPatterns:278] - removing xpath "cmdp:persName/cmdp:idno/cmdp:idno" since it has no match in the profile
2019-01-25 12:31:57,950  INFO [           main] [at.ac.acdh.transformer.Normalizer#filterNonExistingPatterns:278] - removing xpath "cmdp:orgName/cmdp:orgName" since it has no match in the profile
2019-01-25 12:31:57,950  INFO [           main] [at.ac.acdh.transformer.Normalizer#filterNonExistingPatterns:278] - removing xpath "cmdp:note/cmdp:note" since it has no match in the profile
2019-01-25 12:31:57,951  INFO [           main] [at.ac.acdh.transformer.Normalizer#filterNonExistingPatterns:278] - removing xpath "cmdp:pubPlace" since it has no match in the profile
2019-01-25 12:31:57,951  INFO [           main] [at.ac.acdh.transformer.Normalizer#filterNonExistingPatterns:278] - removing xpath "cmdp:Date" since it has no match in the profile
2019-01-25 12:31:57,951  INFO [           main] [at.ac.acdh.transformer.Normalizer#filterNonExistingPatterns:278] - removing xpath "cmdp:publisher" since it has no match in the profile
2019-01-25 12:31:57,951  INFO [           main] [at.ac.acdh.transformer.Normalizer#filterNonExistingPatterns:278] - removing xpath "cmdp:availability/cmdp:licence" since it has no match in the profile
2019-01-25 17:34:21,657  INFO [           main] [at.ac.acdh.transformer.Normalizer#filterNonExistingPatterns:278] - removing xpath "cmdp:fileDesc/cmdp:titleStmt/cmdp:title/text()" since it has no match in the profile
2019-01-25 17:34:21,676  INFO [           main] [at.ac.acdh.transformer.Normalizer#filterNonExistingPatterns:278] - removing xpath "/cmd:CMD/cmd:Components/cmdp:OLAC-DcmiTerms/cmdp:type" since it has no match in the profile
2019-01-25 17:34:21,677  INFO [           main] [at.ac.acdh.transformer.Normalizer#filterNonExistingPatterns:278] - removing xpath "/cmd:CMD/cmd:Components/cmdp:mods/cmdp:genre/text()" since it has no match in the profile
2019-01-25 17:34:21,678  INFO [           main] [at.ac.acdh.transformer.Normalizer#filterNonExistingPatterns:278] - removing xpath "/cmd:CMD/cmd:Components/cmdp:media-corpus-profile/cmdp:Corpus/cmdp:Topic/text()" since it has no match in the profile
2019-01-25 17:34:21,678  INFO [           main] [at.ac.acdh.transformer.Normalizer#filterNonExistingPatterns:278] - removing xpath "/cmd:CMD/cmd:Components/cmdp:IDSAGD_Corpus/cmdp:Keyword/text()" since it has no match in the profile
2019-01-25 17:34:21,683  INFO [           main] [at.ac.acdh.transformer.Normalizer#filterNonExistingPatterns:278] - removing xpath "/cmd:CMD/cmd:Components/cmdp:mods/cmdp:classification/text()" since it has no match in the profile
2019-01-25 17:34:21,685  INFO [           main] [at.ac.acdh.transformer.Normalizer#filterNonExistingPatterns:278] - removing xpath "/cmd:CMD/cmd:Components/cmdp:media-session-profile/cmdp:media-session/cmdp:Corpus/text()" since it has no match in the profile
2019-01-25 17:34:21,685  INFO [           main] [at.ac.acdh.transformer.Normalizer#filterNonExistingPatterns:278] - removing xpath "/cmd:CMD/cmd:Components/cmdp:media-corpus-profile/cmdp:Collection/cmdp:Project/cmdp:Title/text()" since it has no match in the profile
2019-01-25 17:34:21,686  INFO [           main] [at.ac.acdh.transformer.Normalizer#filterNonExistingPatterns:278] - removing xpath "/cmd:CMD/cmd:Components/cmdp:OLAC-DcmiTerms/cmdp:subject" since it has no match in the profile
2019-01-25 17:34:21,686  INFO [           main] [at.ac.acdh.transformer.Normalizer#filterNonExistingPatterns:278] - removing xpath "/cmd:CMD/cmd:Components/cmdp:OLAC-DcmiTerms/cmdp:subject[@dcterms-type="LCSH"]/text()" since it has no match in the profile
2019-01-25 17:34:21,686  INFO [           main] [at.ac.acdh.transformer.Normalizer#filterNonExistingPatterns:278] - removing xpath "/cmd:CMD/cmd:Components/cmdp:mods/cmdp:subject/cmdp:Topic/text()" since it has no match in the profile
2019-01-25 17:34:21,687  INFO [           main] [at.ac.acdh.transformer.Normalizer#filterNonExistingPatterns:278] - removing xpath "/cmd:CMD/cmd:Components/cmdp:media-session-profile/cmdp:media-session/cmdp:Content/cmdp:Topic/text()" since it has no match in the profile
2019-01-25 17:34:21,687  INFO [           main] [at.ac.acdh.transformer.Normalizer#filterNonExistingPatterns:278] - removing xpath "/cmd:CMD/cmd:Components/cmdp:media-session-profile/cmdp:media-session/cmdp:Content/cmdp:Task/text()" since it has no match in the profile
2019-01-25 17:34:21,687  INFO [           main] [at.ac.acdh.transformer.Normalizer#filterNonExistingPatterns:278] - removing xpath "/cmd:CMD/cmd:Components/cmdp:media-corpus-profile/cmdp:Corpus/cmdp:Topic/text()" since it has no match in the profile
2019-01-25 17:34:21,687  INFO [           main] [at.ac.acdh.transformer.Normalizer#filterNonExistingPatterns:278] - removing xpath "/cmd:CMD/cmd:Components/cmdp:IDSAGD_Event/cmdp:IDSAGD_SpeechEvent/cmdp:Topic/text()" since it has no match in the profile
2019-01-25 17:34:21,687  INFO [           main] [at.ac.acdh.transformer.Normalizer#filterNonExistingPatterns:278] - removing xpath "/cmd:CMD/cmd:Components/cmdp:IDSAGD_Corpus/cmdp:Corpus/cmdp:Modality/cmdp:Modality/text()" since it has no match in the profile
2019-01-25 17:34:21,689  INFO [           main] [at.ac.acdh.transformer.Normalizer#filterNonExistingPatterns:278] - removing xpath "/cmd:CMD/cmd:Components/cmdp:LrtInventoryResource/cmdp:LrtCommon/cmdp:ResourceType/text()" since it has no match in the profile
2019-01-25 17:34:21,690  INFO [           main] [at.ac.acdh.transformer.Normalizer#filterNonExistingPatterns:278] - removing xpath "/cmd:CMD/cmd:Components/cmdp:OLAC-DcmiTerms/cmdp:type/text()" since it has no match in the profile
2019-01-25 17:34:21,690  INFO [           main] [at.ac.acdh.transformer.Normalizer#filterNonExistingPatterns:278] - removing xpath "/cmd:CMD/cmd:Components/cmdp:mods/cmdp:typeOfResource/text()" since it has no match in the profile
2019-01-25 17:34:21,690  INFO [           main] [at.ac.acdh.transformer.Normalizer#filterNonExistingPatterns:278] - removing xpath "cmdp:fileDesc/cmdp:titleStmt/cmdp:respStmt/cmdp:resp" since it has no match in the profile
2019-01-25 17:34:21,691  INFO [           main] [at.ac.acdh.transformer.Normalizer#filterNonExistingPatterns:278] - removing xpath "cmdp:fileDesc/cmdp:publicationStmt" since it has no match in the profile
2019-01-25 17:34:21,693  INFO [           main] [at.ac.acdh.transformer.Normalizer#filterNonExistingPatterns:278] - removing xpath "cmdp:persName/cmdp:surname" since it has no match in the profile
2019-01-25 17:34:21,694  INFO [           main] [at.ac.acdh.transformer.Normalizer#filterNonExistingPatterns:278] - removing xpath "cmdp:persName/cmdp:forename" since it has no match in the profile
2019-01-25 17:34:21,694  INFO [           main] [at.ac.acdh.transformer.Normalizer#filterNonExistingPatterns:278] - removing xpath "cmdp:persName/cmdp:surname" since it has no match in the profile
2019-01-25 17:34:21,694  INFO [           main] [at.ac.acdh.transformer.Normalizer#filterNonExistingPatterns:278] - removing xpath "cmdp:persName/cmdp:forename" since it has no match in the profile
2019-01-25 17:34:21,695  INFO [           main] [at.ac.acdh.transformer.Normalizer#filterNonExistingPatterns:278] - removing xpath "cmdp:persName/cmdp:idno/cmdp:idno" since it has no match in the profile
2019-01-25 17:34:21,695  INFO [           main] [at.ac.acdh.transformer.Normalizer#filterNonExistingPatterns:278] - removing xpath "cmdp:persName/cmdp:forename" since it has no match in the profile
2019-01-25 17:34:21,696  INFO [           main] [at.ac.acdh.transformer.Normalizer#filterNonExistingPatterns:278] - removing xpath "cmdp:persName/cmdp:surname" since it has no match in the profile
2019-01-25 17:34:21,696  INFO [           main] [at.ac.acdh.transformer.Normalizer#filterNonExistingPatterns:278] - removing xpath "cmdp:persName/cmdp:idno/cmdp:idno" since it has no match in the profile
2019-01-25 17:34:21,697  INFO [           main] [at.ac.acdh.transformer.Normalizer#filterNonExistingPatterns:278] - removing xpath "cmdp:orgName/cmdp:orgName" since it has no match in the profile
2019-01-25 17:34:21,697  INFO [           main] [at.ac.acdh.transformer.Normalizer#filterNonExistingPatterns:278] - removing xpath "cmdp:note/cmdp:note" since it has no match in the profile
2019-01-25 17:34:21,697  INFO [           main] [at.ac.acdh.transformer.Normalizer#filterNonExistingPatterns:278] - removing xpath "cmdp:pubPlace" since it has no match in the profile
2019-01-25 17:34:21,697  INFO [           main] [at.ac.acdh.transformer.Normalizer#filterNonExistingPatterns:278] - removing xpath "cmdp:Date" since it has no match in the profile
2019-01-25 17:34:21,698  INFO [           main] [at.ac.acdh.transformer.Normalizer#filterNonExistingPatterns:278] - removing xpath "cmdp:publisher" since it has no match in the profile
2019-01-25 17:34:21,698  INFO [           main] [at.ac.acdh.transformer.Normalizer#filterNonExistingPatterns:278] - removing xpath "cmdp:availability/cmdp:licence" since it has no match in the profile
2019-02-06 12:50:18,498  INFO [           main] [at.ac.acdh.transformer.Normalizer#filterNonExistingPatterns:278] - removing xpath "cmdp:fileDesc/cmdp:titleStmt/cmdp:title/text()" since it has no match in the profile
2019-02-06 12:50:18,504  INFO [           main] [at.ac.acdh.transformer.Normalizer#filterNonExistingPatterns:278] - removing xpath "cmdp:Collection/cmdp:GeneralInfo/cmdp:Name/text()" since it has no match in the profile
2019-02-06 12:50:18,504  INFO [           main] [at.ac.acdh.transformer.Normalizer#filterNonExistingPatterns:278] - removing xpath "cmdp:Collection/cmdp:GeneralInfo/cmdp:Owner" since it has no match in the profile
2019-02-06 12:50:18,505  INFO [           main] [at.ac.acdh.transformer.Normalizer#filterNonExistingPatterns:278] - removing xpath "cmdp:Collection/cmdp:GeneralInfo/cmdp:TimeCoverage/cmdp:minDate/text()" since it has no match in the profile
2019-02-06 12:50:18,505  INFO [           main] [at.ac.acdh.transformer.Normalizer#filterNonExistingPatterns:278] - removing xpath "cmdp:Collection/cmdp:GeneralInfo/cmdp:TimeCoverage/cmdp:maxDate/text()" since it has no match in the profile
2019-02-06 12:50:18,506  INFO [           main] [at.ac.acdh.transformer.Normalizer#filterNonExistingPatterns:278] - removing xpath "/cmd:CMD/cmd:Components/cmdp:mods/cmdp:genre/text()" since it has no match in the profile
2019-02-06 12:50:18,506  INFO [           main] [at.ac.acdh.transformer.Normalizer#filterNonExistingPatterns:278] - removing xpath "/cmd:CMD/cmd:Components/cmdp:media-corpus-profile/cmdp:Corpus/cmdp:Topic/text()" since it has no match in the profile
2019-02-06 12:50:18,506  INFO [           main] [at.ac.acdh.transformer.Normalizer#filterNonExistingPatterns:278] - removing xpath "/cmd:CMD/cmd:Components/cmdp:IDSAGD_Corpus/cmdp:Keyword/text()" since it has no match in the profile
2019-02-06 12:50:18,507  INFO [           main] [at.ac.acdh.transformer.Normalizer#filterNonExistingPatterns:278] - removing xpath "/cmd:CMD/cmd:Components/cmdp:mods/cmdp:classification/text()" since it has no match in the profile
2019-02-06 12:50:18,507  INFO [           main] [at.ac.acdh.transformer.Normalizer#filterNonExistingPatterns:278] - removing xpath "/cmd:CMD/cmd:Components/cmdp:media-session-profile/cmdp:media-session/cmdp:Corpus/text()" since it has no match in the profile
2019-02-06 12:50:18,507  INFO [           main] [at.ac.acdh.transformer.Normalizer#filterNonExistingPatterns:278] - removing xpath "/cmd:CMD/cmd:Components/cmdp:media-corpus-profile/cmdp:Collection/cmdp:Project/cmdp:Title/text()" since it has no match in the profile
2019-02-06 12:50:18,508  INFO [           main] [at.ac.acdh.transformer.Normalizer#filterNonExistingPatterns:278] - removing xpath "cmdp:Collection/cmdp:Access/text()" since it has no match in the profile
2019-02-06 12:50:18,508  INFO [           main] [at.ac.acdh.transformer.Normalizer#filterNonExistingPatterns:278] - removing xpath "cmdp:fileDesc/cmdp:titleStmt/cmdp:respStmt/cmdp:resp" since it has no match in the profile
2019-02-06 12:50:18,509  INFO [           main] [at.ac.acdh.transformer.Normalizer#filterNonExistingPatterns:278] - removing xpath "cmdp:fileDesc/cmdp:publicationStmt" since it has no match in the profile
2019-02-06 12:50:18,509  INFO [           main] [at.ac.acdh.transformer.Normalizer#filterNonExistingPatterns:278] - removing xpath "cmdp:profileDesc/cmdp:langUsage/cmdp:language" since it has no match in the profile
2019-02-06 12:50:18,509  INFO [           main] [at.ac.acdh.transformer.Normalizer#filterNonExistingPatterns:278] - removing xpath "cmdp:Collection/cmdp:Project" since it has no match in the profile
2019-02-06 12:50:18,510  INFO [           main] [at.ac.acdh.transformer.Normalizer#filterNonExistingPatterns:278] - removing xpath "cmdp:Contact" since it has no match in the profile
2019-02-06 12:50:18,511  INFO [           main] [at.ac.acdh.transformer.Normalizer#filterNonExistingPatterns:278] - removing xpath "cmdp:Title" since it has no match in the profile
2019-02-06 12:50:18,511  INFO [           main] [at.ac.acdh.transformer.Normalizer#filterNonExistingPatterns:278] - removing xpath "cmdp:Description/cmdp:Description/text()" since it has no match in the profile
2019-02-06 12:50:18,511  INFO [           main] [at.ac.acdh.transformer.Normalizer#filterNonExistingPatterns:278] - removing xpath "cmdp:Contact" since it has no match in the profile
2019-02-06 12:50:18,511  INFO [           main] [at.ac.acdh.transformer.Normalizer#filterNonExistingPatterns:278] - removing xpath "cmdp:Email" since it has no match in the profile
2019-02-06 12:50:18,512  INFO [           main] [at.ac.acdh.transformer.Normalizer#filterNonExistingPatterns:278] - removing xpath "cmdp:Website" since it has no match in the profile
2019-02-06 12:50:18,512  INFO [           main] [at.ac.acdh.transformer.Normalizer#filterNonExistingPatterns:278] - removing xpath "cmdp:Person" since it has no match in the profile
2019-02-06 12:50:18,512  INFO [           main] [at.ac.acdh.transformer.Normalizer#filterNonExistingPatterns:278] - removing xpath "cmdp:Address" since it has no match in the profile
2019-02-06 12:50:18,512  INFO [           main] [at.ac.acdh.transformer.Normalizer#filterNonExistingPatterns:278] - removing xpath "cmdp:Person" since it has no match in the profile
2019-02-06 12:50:18,513  INFO [           main] [at.ac.acdh.transformer.Normalizer#filterNonExistingPatterns:278] - removing xpath "cmdp:Telephone" since it has no match in the profile
2019-02-06 12:50:18,513  INFO [           main] [at.ac.acdh.transformer.Normalizer#filterNonExistingPatterns:278] - removing xpath "cmdp:Website" since it has no match in the profile
2019-02-06 12:50:18,513  INFO [           main] [at.ac.acdh.transformer.Normalizer#filterNonExistingPatterns:278] - removing xpath "cmdp:persName/cmdp:surname" since it has no match in the profile
2019-02-06 12:50:18,513  INFO [           main] [at.ac.acdh.transformer.Normalizer#filterNonExistingPatterns:278] - removing xpath "cmdp:persName/cmdp:forename" since it has no match in the profile
2019-02-06 12:50:18,513  INFO [           main] [at.ac.acdh.transformer.Normalizer#filterNonExistingPatterns:278] - removing xpath "cmdp:persName/cmdp:surname" since it has no match in the profile
2019-02-06 12:50:18,514  INFO [           main] [at.ac.acdh.transformer.Normalizer#filterNonExistingPatterns:278] - removing xpath "cmdp:persName/cmdp:forename" since it has no match in the profile
2019-02-06 12:50:18,514  INFO [           main] [at.ac.acdh.transformer.Normalizer#filterNonExistingPatterns:278] - removing xpath "cmdp:persName/cmdp:idno/cmdp:idno" since it has no match in the profile
2019-02-06 12:50:18,514  INFO [           main] [at.ac.acdh.transformer.Normalizer#filterNonExistingPatterns:278] - removing xpath "cmdp:persName/cmdp:forename" since it has no match in the profile
2019-02-06 12:50:18,514  INFO [           main] [at.ac.acdh.transformer.Normalizer#filterNonExistingPatterns:278] - removing xpath "cmdp:persName/cmdp:surname" since it has no match in the profile
2019-02-06 12:50:18,515  INFO [           main] [at.ac.acdh.transformer.Normalizer#filterNonExistingPatterns:278] - removing xpath "cmdp:persName/cmdp:idno/cmdp:idno" since it has no match in the profile
2019-02-06 12:50:18,515  INFO [           main] [at.ac.acdh.transformer.Normalizer#filterNonExistingPatterns:278] - removing xpath "cmdp:orgName/cmdp:orgName" since it has no match in the profile
2019-02-06 12:50:18,515  INFO [           main] [at.ac.acdh.transformer.Normalizer#filterNonExistingPatterns:278] - removing xpath "cmdp:note/cmdp:note" since it has no match in the profile
2019-02-06 12:50:18,515  INFO [           main] [at.ac.acdh.transformer.Normalizer#filterNonExistingPatterns:278] - removing xpath "cmdp:pubPlace" since it has no match in the profile
2019-02-06 12:50:18,515  INFO [           main] [at.ac.acdh.transformer.Normalizer#filterNonExistingPatterns:278] - removing xpath "cmdp:Date" since it has no match in the profile
2019-02-06 12:50:18,516  INFO [           main] [at.ac.acdh.transformer.Normalizer#filterNonExistingPatterns:278] - removing xpath "cmdp:availability/cmdp:licence" since it has no match in the profile
2019-02-06 12:50:30,687  INFO [           main] [at.ac.acdh.transformer.Normalizer#filterNonExistingPatterns:278] - removing xpath "cmdp:fileDesc/cmdp:titleStmt/cmdp:title/text()" since it has no match in the profile
2019-02-06 12:50:30,692  INFO [           main] [at.ac.acdh.transformer.Normalizer#filterNonExistingPatterns:278] - removing xpath "cmdp:Collection/cmdp:GeneralInfo/cmdp:Name/text()" since it has no match in the profile
2019-02-06 12:50:30,693  INFO [           main] [at.ac.acdh.transformer.Normalizer#filterNonExistingPatterns:278] - removing xpath "cmdp:Collection/cmdp:GeneralInfo/cmdp:Owner" since it has no match in the profile
2019-02-06 12:50:30,693  INFO [           main] [at.ac.acdh.transformer.Normalizer#filterNonExistingPatterns:278] - removing xpath "cmdp:Collection/cmdp:GeneralInfo/cmdp:TimeCoverage/cmdp:minDate/text()" since it has no match in the profile
2019-02-06 12:50:30,693  INFO [           main] [at.ac.acdh.transformer.Normalizer#filterNonExistingPatterns:278] - removing xpath "cmdp:Collection/cmdp:GeneralInfo/cmdp:TimeCoverage/cmdp:maxDate/text()" since it has no match in the profile
2019-02-06 12:50:30,694  INFO [           main] [at.ac.acdh.transformer.Normalizer#filterNonExistingPatterns:278] - removing xpath "/cmd:CMD/cmd:Components/cmdp:mods/cmdp:genre/text()" since it has no match in the profile
2019-02-06 12:50:30,695  INFO [           main] [at.ac.acdh.transformer.Normalizer#filterNonExistingPatterns:278] - removing xpath "/cmd:CMD/cmd:Components/cmdp:media-corpus-profile/cmdp:Corpus/cmdp:Topic/text()" since it has no match in the profile
2019-02-06 12:50:30,695  INFO [           main] [at.ac.acdh.transformer.Normalizer#filterNonExistingPatterns:278] - removing xpath "/cmd:CMD/cmd:Components/cmdp:IDSAGD_Corpus/cmdp:Keyword/text()" since it has no match in the profile
2019-02-06 12:50:30,695  INFO [           main] [at.ac.acdh.transformer.Normalizer#filterNonExistingPatterns:278] - removing xpath "/cmd:CMD/cmd:Components/cmdp:mods/cmdp:classification/text()" since it has no match in the profile
2019-02-06 12:50:30,695  INFO [           main] [at.ac.acdh.transformer.Normalizer#filterNonExistingPatterns:278] - removing xpath "/cmd:CMD/cmd:Components/cmdp:media-session-profile/cmdp:media-session/cmdp:Corpus/text()" since it has no match in the profile
2019-02-06 12:50:30,695  INFO [           main] [at.ac.acdh.transformer.Normalizer#filterNonExistingPatterns:278] - removing xpath "/cmd:CMD/cmd:Components/cmdp:media-corpus-profile/cmdp:Collection/cmdp:Project/cmdp:Title/text()" since it has no match in the profile
2019-02-06 12:50:30,697  INFO [           main] [at.ac.acdh.transformer.Normalizer#filterNonExistingPatterns:278] - removing xpath "cmdp:Collection/cmdp:Access/text()" since it has no match in the profile
2019-02-06 12:50:30,697  INFO [           main] [at.ac.acdh.transformer.Normalizer#filterNonExistingPatterns:278] - removing xpath "cmdp:fileDesc/cmdp:titleStmt/cmdp:respStmt/cmdp:resp" since it has no match in the profile
2019-02-06 12:50:30,697  INFO [           main] [at.ac.acdh.transformer.Normalizer#filterNonExistingPatterns:278] - removing xpath "cmdp:fileDesc/cmdp:publicationStmt" since it has no match in the profile
2019-02-06 12:50:30,697  INFO [           main] [at.ac.acdh.transformer.Normalizer#filterNonExistingPatterns:278] - removing xpath "cmdp:profileDesc/cmdp:langUsage/cmdp:language" since it has no match in the profile
2019-02-06 12:50:30,697  INFO [           main] [at.ac.acdh.transformer.Normalizer#filterNonExistingPatterns:278] - removing xpath "cmdp:Collection/cmdp:Project" since it has no match in the profile
2019-02-06 12:50:30,699  INFO [           main] [at.ac.acdh.transformer.Normalizer#filterNonExistingPatterns:278] - removing xpath "cmdp:Contact" since it has no match in the profile
2019-02-06 12:50:30,699  INFO [           main] [at.ac.acdh.transformer.Normalizer#filterNonExistingPatterns:278] - removing xpath "cmdp:Title" since it has no match in the profile
2019-02-06 12:50:30,699  INFO [           main] [at.ac.acdh.transformer.Normalizer#filterNonExistingPatterns:278] - removing xpath "cmdp:Description/cmdp:Description/text()" since it has no match in the profile
2019-02-06 12:50:30,700  INFO [           main] [at.ac.acdh.transformer.Normalizer#filterNonExistingPatterns:278] - removing xpath "cmdp:Contact" since it has no match in the profile
2019-02-06 12:50:30,700  INFO [           main] [at.ac.acdh.transformer.Normalizer#filterNonExistingPatterns:278] - removing xpath "cmdp:Email" since it has no match in the profile
2019-02-06 12:50:30,700  INFO [           main] [at.ac.acdh.transformer.Normalizer#filterNonExistingPatterns:278] - removing xpath "cmdp:Website" since it has no match in the profile
2019-02-06 12:50:30,700  INFO [           main] [at.ac.acdh.transformer.Normalizer#filterNonExistingPatterns:278] - removing xpath "cmdp:Person" since it has no match in the profile
2019-02-06 12:50:30,700  INFO [           main] [at.ac.acdh.transformer.Normalizer#filterNonExistingPatterns:278] - removing xpath "cmdp:Address" since it has no match in the profile
2019-02-06 12:50:30,701  INFO [           main] [at.ac.acdh.transformer.Normalizer#filterNonExistingPatterns:278] - removing xpath "cmdp:Person" since it has no match in the profile
2019-02-06 12:50:30,701  INFO [           main] [at.ac.acdh.transformer.Normalizer#filterNonExistingPatterns:278] - removing xpath "cmdp:Telephone" since it has no match in the profile
2019-02-06 12:50:30,701  INFO [           main] [at.ac.acdh.transformer.Normalizer#filterNonExistingPatterns:278] - removing xpath "cmdp:Website" since it has no match in the profile
2019-02-06 12:50:30,701  INFO [           main] [at.ac.acdh.transformer.Normalizer#filterNonExistingPatterns:278] - removing xpath "cmdp:persName/cmdp:surname" since it has no match in the profile
2019-02-06 12:50:30,702  INFO [           main] [at.ac.acdh.transformer.Normalizer#filterNonExistingPatterns:278] - removing xpath "cmdp:persName/cmdp:forename" since it has no match in the profile
2019-02-06 12:50:30,702  INFO [           main] [at.ac.acdh.transformer.Normalizer#filterNonExistingPatterns:278] - removing xpath "cmdp:persName/cmdp:surname" since it has no match in the profile
2019-02-06 12:50:30,702  INFO [           main] [at.ac.acdh.transformer.Normalizer#filterNonExistingPatterns:278] - removing xpath "cmdp:persName/cmdp:forename" since it has no match in the profile
2019-02-06 12:50:30,702  INFO [           main] [at.ac.acdh.transformer.Normalizer#filterNonExistingPatterns:278] - removing xpath "cmdp:persName/cmdp:idno/cmdp:idno" since it has no match in the profile
2019-02-06 12:50:30,702  INFO [           main] [at.ac.acdh.transformer.Normalizer#filterNonExistingPatterns:278] - removing xpath "cmdp:persName/cmdp:forename" since it has no match in the profile
2019-02-06 12:50:30,703  INFO [           main] [at.ac.acdh.transformer.Normalizer#filterNonExistingPatterns:278] - removing xpath "cmdp:persName/cmdp:surname" since it has no match in the profile
2019-02-06 12:50:30,703  INFO [           main] [at.ac.acdh.transformer.Normalizer#filterNonExistingPatterns:278] - removing xpath "cmdp:persName/cmdp:idno/cmdp:idno" since it has no match in the profile
2019-02-06 12:50:30,703  INFO [           main] [at.ac.acdh.transformer.Normalizer#filterNonExistingPatterns:278] - removing xpath "cmdp:orgName/cmdp:orgName" since it has no match in the profile
2019-02-06 12:50:30,703  INFO [           main] [at.ac.acdh.transformer.Normalizer#filterNonExistingPatterns:278] - removing xpath "cmdp:note/cmdp:note" since it has no match in the profile
2019-02-06 12:50:30,703  INFO [           main] [at.ac.acdh.transformer.Normalizer#filterNonExistingPatterns:278] - removing xpath "cmdp:pubPlace" since it has no match in the profile
2019-02-06 12:50:30,704  INFO [           main] [at.ac.acdh.transformer.Normalizer#filterNonExistingPatterns:278] - removing xpath "cmdp:Date" since it has no match in the profile
2019-02-06 12:50:30,704  INFO [           main] [at.ac.acdh.transformer.Normalizer#filterNonExistingPatterns:278] - removing xpath "cmdp:availability/cmdp:licence" since it has no match in the profile
2019-02-06 12:53:14,508  INFO [           main] [at.ac.acdh.transformer.Normalizer#filterNonExistingPatterns:278] - removing xpath "cmdp:Collection/cmdp:GeneralInfo/cmdp:Name/text()" since it has no match in the profile
2019-02-06 12:53:14,510  INFO [           main] [at.ac.acdh.transformer.Normalizer#filterNonExistingPatterns:278] - removing xpath "cmdp:Collection/cmdp:GeneralInfo/cmdp:Owner" since it has no match in the profile
2019-02-06 12:53:14,512  INFO [           main] [at.ac.acdh.transformer.Normalizer#filterNonExistingPatterns:278] - removing xpath "cmdp:Collection/cmdp:GeneralInfo/cmdp:TimeCoverage/cmdp:minDate/text()" since it has no match in the profile
2019-02-06 12:53:14,513  INFO [           main] [at.ac.acdh.transformer.Normalizer#filterNonExistingPatterns:278] - removing xpath "cmdp:Collection/cmdp:GeneralInfo/cmdp:TimeCoverage/cmdp:maxDate/text()" since it has no match in the profile
2019-02-06 12:53:14,514  INFO [           main] [at.ac.acdh.transformer.Normalizer#filterNonExistingPatterns:278] - removing xpath "/cmd:CMD/cmd:Components/cmdp:OLAC-DcmiTerms/cmdp:type" since it has no match in the profile
2019-02-06 12:53:14,514  INFO [           main] [at.ac.acdh.transformer.Normalizer#filterNonExistingPatterns:278] - removing xpath "/cmd:CMD/cmd:Components/cmdp:mods/cmdp:genre/text()" since it has no match in the profile
2019-02-06 12:53:14,514  INFO [           main] [at.ac.acdh.transformer.Normalizer#filterNonExistingPatterns:278] - removing xpath "/cmd:CMD/cmd:Components/cmdp:media-corpus-profile/cmdp:Corpus/cmdp:Topic/text()" since it has no match in the profile
2019-02-06 12:53:14,515  INFO [           main] [at.ac.acdh.transformer.Normalizer#filterNonExistingPatterns:278] - removing xpath "/cmd:CMD/cmd:Components/cmdp:IDSAGD_Corpus/cmdp:Keyword/text()" since it has no match in the profile
2019-02-06 12:53:14,515  INFO [           main] [at.ac.acdh.transformer.Normalizer#filterNonExistingPatterns:278] - removing xpath "/cmd:CMD/cmd:Components/cmdp:mods/cmdp:classification/text()" since it has no match in the profile
2019-02-06 12:53:14,515  INFO [           main] [at.ac.acdh.transformer.Normalizer#filterNonExistingPatterns:278] - removing xpath "/cmd:CMD/cmd:Components/cmdp:media-session-profile/cmdp:media-session/cmdp:Corpus/text()" since it has no match in the profile
2019-02-06 12:53:14,515  INFO [           main] [at.ac.acdh.transformer.Normalizer#filterNonExistingPatterns:278] - removing xpath "/cmd:CMD/cmd:Components/cmdp:media-corpus-profile/cmdp:Collection/cmdp:Project/cmdp:Title/text()" since it has no match in the profile
2019-02-06 12:53:14,516  INFO [           main] [at.ac.acdh.transformer.Normalizer#filterNonExistingPatterns:278] - removing xpath "cmdp:Collection/cmdp:Access/text()" since it has no match in the profile
2019-02-06 12:53:14,517  INFO [           main] [at.ac.acdh.transformer.Normalizer#filterNonExistingPatterns:278] - removing xpath "cmdp:Collection/cmdp:Project" since it has no match in the profile
2019-02-06 12:53:14,517  INFO [           main] [at.ac.acdh.transformer.Normalizer#filterNonExistingPatterns:278] - removing xpath "cmdp:Contact" since it has no match in the profile
2019-02-06 12:53:14,517  INFO [           main] [at.ac.acdh.transformer.Normalizer#filterNonExistingPatterns:278] - removing xpath "cmdp:Title" since it has no match in the profile
2019-02-06 12:53:14,517  INFO [           main] [at.ac.acdh.transformer.Normalizer#filterNonExistingPatterns:278] - removing xpath "cmdp:Description/cmdp:Description/text()" since it has no match in the profile
2019-02-06 12:53:14,519  INFO [           main] [at.ac.acdh.transformer.Normalizer#filterNonExistingPatterns:278] - removing xpath "cmdp:Contact" since it has no match in the profile
2019-02-06 12:53:14,519  INFO [           main] [at.ac.acdh.transformer.Normalizer#filterNonExistingPatterns:278] - removing xpath "cmdp:Email" since it has no match in the profile
2019-02-06 12:53:14,519  INFO [           main] [at.ac.acdh.transformer.Normalizer#filterNonExistingPatterns:278] - removing xpath "cmdp:Website" since it has no match in the profile
2019-02-06 12:53:14,519  INFO [           main] [at.ac.acdh.transformer.Normalizer#filterNonExistingPatterns:278] - removing xpath "cmdp:Person" since it has no match in the profile
2019-02-06 12:53:14,520  INFO [           main] [at.ac.acdh.transformer.Normalizer#filterNonExistingPatterns:278] - removing xpath "cmdp:Address" since it has no match in the profile
2019-02-06 12:53:14,520  INFO [           main] [at.ac.acdh.transformer.Normalizer#filterNonExistingPatterns:278] - removing xpath "cmdp:Person" since it has no match in the profile
2019-02-06 12:53:14,520  INFO [           main] [at.ac.acdh.transformer.Normalizer#filterNonExistingPatterns:278] - removing xpath "cmdp:Telephone" since it has no match in the profile
2019-02-06 12:53:14,521  INFO [           main] [at.ac.acdh.transformer.Normalizer#filterNonExistingPatterns:278] - removing xpath "cmdp:Website" since it has no match in the profile
2019-02-06 12:53:14,521  INFO [           main] [at.ac.acdh.transformer.Normalizer#filterNonExistingPatterns:278] - removing xpath "cmdp:persName/cmdp:surname" since it has no match in the profile
2019-02-06 12:53:14,521  INFO [           main] [at.ac.acdh.transformer.Normalizer#filterNonExistingPatterns:278] - removing xpath "cmdp:persName/cmdp:forename" since it has no match in the profile
2019-02-06 12:53:14,521  INFO [           main] [at.ac.acdh.transformer.Normalizer#filterNonExistingPatterns:278] - removing xpath "cmdp:persName/cmdp:surname" since it has no match in the profile
2019-02-06 12:53:14,522  INFO [           main] [at.ac.acdh.transformer.Normalizer#filterNonExistingPatterns:278] - removing xpath "cmdp:persName/cmdp:forename" since it has no match in the profile
2019-02-06 12:53:14,522  INFO [           main] [at.ac.acdh.transformer.Normalizer#filterNonExistingPatterns:278] - removing xpath "cmdp:persName/cmdp:idno/cmdp:idno" since it has no match in the profile
2019-02-06 12:53:14,522  INFO [           main] [at.ac.acdh.transformer.Normalizer#filterNonExistingPatterns:278] - removing xpath "cmdp:persName/cmdp:forename" since it has no match in the profile
2019-02-06 12:53:14,522  INFO [           main] [at.ac.acdh.transformer.Normalizer#filterNonExistingPatterns:278] - removing xpath "cmdp:persName/cmdp:surname" since it has no match in the profile
2019-02-06 12:53:14,522  INFO [           main] [at.ac.acdh.transformer.Normalizer#filterNonExistingPatterns:278] - removing xpath "cmdp:persName/cmdp:idno/cmdp:idno" since it has no match in the profile
2019-02-06 12:53:14,522  INFO [           main] [at.ac.acdh.transformer.Normalizer#filterNonExistingPatterns:278] - removing xpath "cmdp:orgName/cmdp:orgName" since it has no match in the profile
2019-02-06 12:53:14,522  INFO [           main] [at.ac.acdh.transformer.Normalizer#filterNonExistingPatterns:278] - removing xpath "cmdp:note/cmdp:note" since it has no match in the profile
2019-02-06 12:53:14,523  INFO [           main] [at.ac.acdh.transformer.Normalizer#filterNonExistingPatterns:278] - removing xpath "cmdp:Date" since it has no match in the profile
